[STEP] (Dec.15 19:26:23) Initializing Neurodamus... Logfile: pydamus_2023-12-15_19h26.log
[INFO] (Dec.15 19:26:23)  => Neurodamus Mod & Hoc lib loaded.
[INFO] (Dec.15 19:26:23) Checking for plugins...
[INFO] (Dec.15 19:26:23)  => Engines Available: ['Base', 'NGV', 'METype']
[INFO] (Dec.15 19:26:23)   : Connections Types: ['NeuroGlial', 'GlioVascular', None, 'Synaptic', 'GapJunction', 'NeuroModulation']
[STEP] (Dec.15 19:26:23) Setting up Neurodamus configuration
[INFO] (Dec.15 19:26:23) Initializing Simulation Configuration and Validation
[INFO] (Dec.15 19:26:23) Valid CoreNeuron input data not found in '/dev/shm/sim-hpc/1948206/gpfs/bbp.cscs.ch/project/proj83/tharayil/generationCode/create_lfp_weights_for_neurodamus/SONATA/examples/LFP/simulation/reporting/coreneuron_input'. Neurodamus will proceed to model building.
[INFO] (Dec.15 19:26:23) Checking simulation requirements
[INFO] (Dec.15 19:26:23) Initializing hoc config objects
[INFO] (Dec.15 19:26:23) User-defined RNG base seed 851.0
[WARNING] (Dec.15 19:26:23) Some node set rules were replaced from /gpfs/bbp.cscs.ch/project/proj83/tharayil/generationCode/create_lfp_weights_for_neurodamus/SONATA/examples/data/simulation/configuration/node_sets.json
[INFO] (Dec.15 19:26:23) Memusage (RSS) per node [MB]: Max=2866.62, Min=2866.62, Mean(Stdev)=2866.62(0.00)
[INFO] (Dec.15 19:26:23) Memusage (RSS) per task [MB]: Max=81.48, Min=79.64, Mean(Stdev)=79.73(0.30)
[INFO] (Dec.15 19:26:23) Checking Connection Configurations
[INFO] (Dec.15 19:26:23)  => CHECK No Global vars!
[INFO] (Dec.15 19:26:23)  => CHECK No Block Overrides!
[INFO] (Dec.15 19:26:23)  => CHECK No single Weight=0 blocks!
[STEP] (Dec.15 19:26:23) ================ CALCULATING LOAD BALANCE ================
[STEP] (Dec.15 19:26:23) Computing Load Balance
[INFO] (Dec.15 19:26:23) Activating experimental LB for Sonata circuit 'S1nonbarrel_neurons'
[WARNING] (Dec.15 19:26:23) Load Balance AUTO-SELECTED: RoundRobin. Reason: 
[INFO] (Dec.15 19:26:23) Memusage (RSS) per node [MB]: Max=2951.31, Min=2951.31, Mean(Stdev)=2951.31(0.00)
[INFO] (Dec.15 19:26:23) Memusage (RSS) per task [MB]: Max=83.75, Min=81.90, Mean(Stdev)=81.98(0.30)
[STEP] (Dec.15 19:26:23) ==================== BUILDING CIRCUIT ====================
[STEP] (Dec.15 19:26:23) LOADING NODES
[INFO] (Dec.15 19:26:23) Load-balance object not present. Continuing Round-Robin...
[INFO] (Dec.15 19:26:23)  => (default) Circuit has been disabled
[STEP] (Dec.15 19:26:23) Circuit S1nonbarrel_neurons
[INFO] (Dec.15 19:26:23) Reading Nodes (METype) info from '/gpfs/bbp.cscs.ch/project/proj83/tharayil/generationCode/create_lfp_weights_for_neurodamus/SONATA/examples/data/simulation/configuration/networks/nodes/S1nonbarrel_neurons/nodes.h5'
[INFO] (Dec.15 19:26:23)  -> Distributing 'S1nonbarrel_neurons:Cell' target cells Round-Robin
[INFO] (Dec.15 19:26:24)  => Loaded info about 1 target cells (out of 1)
[INFO] (Dec.15 19:26:24) Reading LFP configuration info from '/gpfs/bbp.cscs.ch/project/proj83/tharayil/generationCode/create_lfp_weights_for_neurodamus/SONATA/examples/LFP/electrodeFile/coeffs.h5'
[STEP] (Dec.15 19:26:24) FINALIZING CIRCUIT CELLS
[STEP] (Dec.15 19:26:24) Circuit (default)
[STEP] (Dec.15 19:26:24) Circuit S1nonbarrel_neurons
[INFO] (Dec.15 19:26:24) Finalizing cells... Gid offset: 0
[INFO] (Dec.15 19:26:24)  > Instantiating cells... (1 in Rank 0)
[INFO] (Dec.15 19:26:25)  > Updating targets
[INFO] (Dec.15 19:26:25)  > Initializing cell network
[INFO] (Dec.15 19:26:25) Memusage (RSS) per node [MB]: Max=3190.84, Min=3190.84, Mean(Stdev)=3190.84(0.00)
[INFO] (Dec.15 19:26:25) Memusage (RSS) per task [MB]: Max=113.14, Min=87.91, Mean(Stdev)=88.63(4.14)
[STEP] (Dec.15 19:26:25) LOADING CIRCUIT CONNECTIVITY
[STEP] (Dec.15 19:26:25) Circuit (default)
[INFO] (Dec.15 19:26:25)  => No connectivity set as internal. See projections
[STEP] (Dec.15 19:26:25) Circuit S1nonbarrel_neurons
[INFO] (Dec.15 19:26:25)  => No connectivity set as internal. See projections
[STEP] (Dec.15 19:26:25) Handling projections...
[STEP] (Dec.15 19:26:25) Configuring connections...
[INFO] (Dec.15 19:26:25) Done, but waiting for all ranks
[INFO] (Dec.15 19:26:25) Memusage (RSS) per node [MB]: Max=3190.84, Min=3190.84, Mean(Stdev)=3190.84(0.00)
[INFO] (Dec.15 19:26:25) Memusage (RSS) per task [MB]: Max=113.14, Min=87.91, Mean(Stdev)=88.63(4.14)
[STEP] (Dec.15 19:26:25) ================ INSTANTIATING SIMULATION ================
[STEP] (Dec.15 19:26:25) Handling Replay
[INFO] (Dec.15 19:26:25) Memusage (RSS) per node [MB]: Max=3190.84, Min=3190.84, Mean(Stdev)=3190.84(0.00)
[INFO] (Dec.15 19:26:25) Memusage (RSS) per task [MB]: Max=113.14, Min=87.91, Mean(Stdev)=88.63(4.14)
[STEP] (Dec.15 19:26:25) Creating connections in the simulator
[INFO] (Dec.15 19:26:25) Memusage (RSS) per node [MB]: Max=3190.84, Min=3190.84, Mean(Stdev)=3190.84(0.00)
[INFO] (Dec.15 19:26:25) Memusage (RSS) per task [MB]: Max=113.14, Min=87.91, Mean(Stdev)=88.63(4.14)
[STEP] (Dec.15 19:26:25) Stimulus Apply.
[INFO] (Dec.15 19:26:25) Instantiating Stimulus Injects:
[INFO] (Dec.15 19:26:25)  * [STIM] injectStimulus: Stimulus (RelativeOrnsteinUhlenbeck) -> Cell
[INFO] (Dec.15 19:26:25) Memusage (RSS) per node [MB]: Max=3191.57, Min=3191.57, Mean(Stdev)=3191.57(0.00)
[INFO] (Dec.15 19:26:25) Memusage (RSS) per task [MB]: Max=113.82, Min=87.91, Mean(Stdev)=88.65(4.25)
[STEP] (Dec.15 19:26:25) Enabling modifications...
[STEP] (Dec.15 19:26:25) Reports Enabling
[INFO] (Dec.15 19:26:25)  * lfp_report (Type: lfp, Target: Cell, Dt: 0.100000)
[INFO] (Dec.15 19:26:25) Adding report lfp_report.h5 for CoreNEURON with 1 gids
[INFO] (Dec.15 19:26:25) Memusage (RSS) per node [MB]: Max=3192.57, Min=3192.57, Mean(Stdev)=3192.57(0.00)
[INFO] (Dec.15 19:26:25) Memusage (RSS) per task [MB]: Max=113.82, Min=87.92, Mean(Stdev)=88.69(4.25)
[INFO] (Dec.15 19:26:25) Preparing to run simulation...
[INFO] (Dec.15 19:26:25) Executing actions after stdinit...
[STEP] (Dec.15 19:26:25) Dataset generation for CoreNEURON
[INFO] (Dec.15 19:26:25) SHM file transfer mode for CoreNEURON enabled
[WARNING] (Dec.15 19:26:25) Node id 0.0 not found in the electrodes file for population S1nonbarrel_neurons: Index (1) out of range for (0-0)
[WARNING] (Dec.15 19:26:25) Node id 0.0 not found in the electrodes file for population S1nonbarrel_neurons: Index (1) out of range for (0-0)
[INFO] (Dec.15 19:26:25) Writing sim config file: /gpfs/bbp.cscs.ch/project/proj83/tharayil/generationCode/create_lfp_weights_for_neurodamus/SONATA/examples/LFP/simulation/reporting/sim.conf
[INFO] (Dec.15 19:26:25)  => Dataset written to '/dev/shm/sim-hpc/1948206/gpfs/bbp.cscs.ch/project/proj83/tharayil/generationCode/create_lfp_weights_for_neurodamus/SONATA/examples/LFP/simulation/reporting/coreneuron_input'
[STEP] (Dec.15 19:26:25) ======================= SIMULATION =======================
[INFO] (Dec.15 19:26:25) Memusage (RSS) per node [MB]: Max=3200.70, Min=3200.70, Mean(Stdev)=3200.70(0.00)
[INFO] (Dec.15 19:26:25) Memusage (RSS) per task [MB]: Max=114.26, Min=88.17, Mean(Stdev)=88.92(4.28)
[INFO] (Dec.15 19:26:25) Clearing model
[INFO] (Dec.15 19:26:25) malloc_trim: memory released back to the system.
[INFO] (Dec.15 19:26:25) Memusage (RSS) per node [MB]: Max=2780.48, Min=2780.48, Mean(Stdev)=2780.48(0.00)
[INFO] (Dec.15 19:26:25) Memusage (RSS) per task [MB]: Max=87.94, Min=76.91, Mean(Stdev)=77.24(1.81)
[INFO] (Dec.15 19:26:25) Launching simulation with CoreNEURON
[INFO] (Dec.15 19:27:28) Creating .SUCCESS file: 'simulation_config.json.SUCCESS'
[INFO] (Dec.15 19:27:28) Memusage (RSS) per node [MB]: Max=2869.12, Min=2869.12, Mean(Stdev)=2869.12(0.00)
[INFO] (Dec.15 19:27:28) Memusage (RSS) per task [MB]: Max=94.86, Min=79.25, Mean(Stdev)=79.70(2.56)
[INFO] (Dec.15 19:27:28) Deleting intermediate data in /gpfs/bbp.cscs.ch/project/proj83/tharayil/generationCode/create_lfp_weights_for_neurodamus/SONATA/examples/LFP/simulation/reporting/coreneuron_input
[INFO] (Dec.15 19:27:28) Deleting intermediate SHM data in /dev/shm/sim-hpc/1948206/gpfs/bbp.cscs.ch/project/proj83/tharayil/generationCode/create_lfp_weights_for_neurodamus/SONATA/examples/LFP/simulation/reporting/coreneuron_input
[INFO] (Dec.15 19:27:28) Finished
[INFO] (Dec.15 19:27:28) +================================================ TIMEIT STATS =================================================+
[INFO] (Dec.15 19:27:28) |                       Event Label                        | Avg.Time | Min.Time | Max.Time | Hits R0 / Total   |
[INFO] (Dec.15 19:27:28) +---------------------------------------------------------------------------------------------------------------+
[INFO] (Dec.15 19:27:28) | Compute LB                                               |     0.03 |     0.02 |     0.03 |       1 / 36      |
[INFO] (Dec.15 19:27:28) | Cell creation                                            |     1.65 |     1.65 |     1.65 |       1 / 36      |
[INFO] (Dec.15 19:27:28) | Synapse creation                                         |     0.00 |     0.00 |     0.00 |       1 / 36      |
[INFO] (Dec.15 19:27:28) | Enable Stimulus                                          |     0.00 |     0.00 |     0.03 |       1 / 36      |
[INFO] (Dec.15 19:27:28) | Enable Modifications                                     |     0.00 |     0.00 |     0.00 |       1 / 36      |
[INFO] (Dec.15 19:27:28) | Enable Reports                                           |     0.00 |     0.00 |     0.00 |       1 / 36      |
[INFO] (Dec.15 19:27:28) | Model Finalized                                          |     0.01 |     0.01 |     0.01 |       1 / 36      |
[INFO] (Dec.15 19:27:28) |  ╚ stdinit                                               |     0.01 |     0.01 |     0.01 |       1 / 36      |
[INFO] (Dec.15 19:27:28) | corewrite                                                |     0.09 |     0.09 |     0.09 |       1 / 36      |
[INFO] (Dec.15 19:27:28) | finished Run                                             |    62.24 |    62.24 |    62.24 |       1 / 36      |
[INFO] (Dec.15 19:27:28) | Delete corenrn data                                      |     0.04 |     0.02 |     0.07 |       1 / 36      |
[INFO] (Dec.15 19:27:28) +---------------------------------------------------------------------------------------------------------------+
