['Infinite.h5', 'Infinite.h5']
[ 7000. -1000. -4000.]
             0                            ...                                       
           0            0            0    ...          361          361          361
0  4588.598647  4588.598647  4588.598647  ...  4566.738381  4567.053825  4567.369269
1 -1398.569448 -1398.569448 -1398.569448  ... -1393.649008 -1393.720010 -1393.791012
2 -3422.007272 -3422.007272 -3422.007272  ... -3440.707852 -3440.438003 -3440.168153

[3 rows x 1099 columns]
[ 7000. -1000. -4000.]
             0                            ...                                       
           0            0            0    ...          361          361          361
0  4588.598647  4588.598647  4588.598647  ...  4566.738381  4567.053825  4567.369269
1 -1398.569448 -1398.569448 -1398.569448  ... -1393.649008 -1393.720010 -1393.791012
2 -3422.007272 -3422.007272 -3422.007272  ... -3440.707852 -3440.438003 -3440.168153

[3 rows x 1099 columns]
[ 7000. -1000. -4000.]
[ 7000. -1000. -4000.]
             0                            ...                                       
           0            0            0    ...          361          361          361
0  4588.598647  4588.598647  4588.598647  ...  4566.738381  4567.053825  4567.369269
1 -1398.569448 -1398.569448 -1398.569448  ... -1393.649008 -1393.720010 -1393.791012
2 -3422.007272 -3422.007272 -3422.007272  ... -3440.707852 -3440.438003 -3440.168153

[3 rows x 1099 columns]
