Autoloading python/3.10.8
Autoloading python/3.10.8
Autoloading intel-oneapi-mkl/2021.4.0
Autoloading hpe-mpi/2.25.hmpt
Traceback (most recent call last):
  File "/gpfs/bbp.cscs.ch/project/proj83/tharayil/generationCode/create_lfp_weights_for_neurodamus/SONATA/examples/reference-solutions/electrodeFile/../../../writeH5.py", line 527, in <module>
    writeH5File(path_to_simconfig,segment_position_folder,outputfile,numFilesPerFolder,sigma,path_to_fields)
  File "/gpfs/bbp.cscs.ch/project/proj83/tharayil/generationCode/create_lfp_weights_for_neurodamus/SONATA/examples/reference-solutions/electrodeFile/../../../writeH5.py", line 471, in writeH5File
    coeffs = get_coeffs_dipoleReciprocity(newPositions,path_to_fields[reciprocityIdx],center)
  File "/gpfs/bbp.cscs.ch/project/proj83/tharayil/generationCode/create_lfp_weights_for_neurodamus/SONATA/examples/reference-solutions/electrodeFile/../../../writeH5.py", line 187, in get_coeffs_dipoleReciprocity
    InterpFcnX = RegularGridInterpolator((x, y, z), Ex[:, :, :, 0], method='linear')
  File "/gpfs/bbp.cscs.ch/project/proj85/spack_install/environments/writeCoefficientsEnv/.spack-env/view/lib/python3.10/site-packages/scipy/interpolate/_rgi.py", line 241, in __init__
    self._check_dimensionality(self.grid, self.values)
  File "/gpfs/bbp.cscs.ch/project/proj85/spack_install/environments/writeCoefficientsEnv/.spack-env/view/lib/python3.10/site-packages/scipy/interpolate/_rgi.py", line 247, in _check_dimensionality
    _check_dimensionality(grid, values)
  File "/gpfs/bbp.cscs.ch/project/proj85/spack_install/environments/writeCoefficientsEnv/.spack-env/view/lib/python3.10/site-packages/scipy/interpolate/_rgi.py", line 44, in _check_dimensionality
    raise ValueError("There are %d points and %d values in "
ValueError: There are 248 points and 247 values in dimension 0
srun: error: r5i2n23: task 0: Exited with exit code 1
srun: launch/slurm: _step_signal: Terminating StepId=1964309.0
