[STEP] (Dec.18 18:32:10) Initializing Neurodamus... Logfile: pydamus_2023-12-18_18h32.log
[INFO] (Dec.18 18:32:10)  => Neurodamus Mod & Hoc lib loaded.
[INFO] (Dec.18 18:32:10) Checking for plugins...
[INFO] (Dec.18 18:32:10)  => Engines Available: ['Base', 'NGV', 'METype']
[INFO] (Dec.18 18:32:10)   : Connections Types: ['NeuroGlial', 'GlioVascular', None, 'Synaptic', 'GapJunction', 'NeuroModulation']
[STEP] (Dec.18 18:32:10) Setting up Neurodamus configuration
[INFO] (Dec.18 18:32:10) Initializing Simulation Configuration and Validation
[INFO] (Dec.18 18:32:10) Valid CoreNeuron input data not found in '/dev/shm/sim-hpc/1950181/gpfs/bbp.cscs.ch/project/proj83/tharayil/generationCode/create_lfp_weights_for_neurodamus/SONATA/examples/EEG/simulation/reporting/coreneuron_input'. Neurodamus will proceed to model building.
[INFO] (Dec.18 18:32:10) Checking simulation requirements
[INFO] (Dec.18 18:32:10) Initializing hoc config objects
[INFO] (Dec.18 18:32:10) User-defined RNG base seed 851.0
[WARNING] (Dec.18 18:32:10) Some node set rules were replaced from /gpfs/bbp.cscs.ch/project/proj83/tharayil/generationCode/create_lfp_weights_for_neurodamus/SONATA/examples/data/simulation/configuration/node_sets.json
[INFO] (Dec.18 18:32:10) Memusage (RSS) per node [MB]: Max=2935.12, Min=2935.12, Mean(Stdev)=2935.12(0.00)
[INFO] (Dec.18 18:32:10) Memusage (RSS) per task [MB]: Max=81.85, Min=81.58, Mean(Stdev)=81.63(0.04)
[INFO] (Dec.18 18:32:10) Checking Connection Configurations
[INFO] (Dec.18 18:32:10)  => CHECK No Global vars!
[INFO] (Dec.18 18:32:10)  => CHECK No Block Overrides!
[INFO] (Dec.18 18:32:10)  => CHECK No single Weight=0 blocks!
[STEP] (Dec.18 18:32:10) ================ CALCULATING LOAD BALANCE ================
[STEP] (Dec.18 18:32:10) Computing Load Balance
[INFO] (Dec.18 18:32:10) Activating experimental LB for Sonata circuit 'S1nonbarrel_neurons'
[WARNING] (Dec.18 18:32:10) Load Balance AUTO-SELECTED: RoundRobin. Reason: 
[INFO] (Dec.18 18:32:10) Memusage (RSS) per node [MB]: Max=3020.24, Min=3020.24, Mean(Stdev)=3020.24(0.00)
[INFO] (Dec.18 18:32:10) Memusage (RSS) per task [MB]: Max=84.12, Min=83.86, Mean(Stdev)=83.90(0.04)
[STEP] (Dec.18 18:32:10) ==================== BUILDING CIRCUIT ====================
[STEP] (Dec.18 18:32:10) LOADING NODES
[INFO] (Dec.18 18:32:10) Load-balance object not present. Continuing Round-Robin...
[INFO] (Dec.18 18:32:10)  => (default) Circuit has been disabled
[STEP] (Dec.18 18:32:10) Circuit S1nonbarrel_neurons
[INFO] (Dec.18 18:32:10) Reading Nodes (METype) info from '/gpfs/bbp.cscs.ch/project/proj83/tharayil/generationCode/create_lfp_weights_for_neurodamus/SONATA/examples/data/simulation/configuration/networks/nodes/S1nonbarrel_neurons/nodes.h5'
[INFO] (Dec.18 18:32:10)  -> Distributing 'S1nonbarrel_neurons:Cell' target cells Round-Robin
[INFO] (Dec.18 18:32:10)  => Loaded info about 1 target cells (out of 1)
[INFO] (Dec.18 18:32:10) Reading LFP configuration info from '/gpfs/bbp.cscs.ch/project/proj83/tharayil/generationCode/create_lfp_weights_for_neurodamus/SONATA/examples/EEG/electrodeFile/coeffs.h5'
[STEP] (Dec.18 18:32:11) FINALIZING CIRCUIT CELLS
[STEP] (Dec.18 18:32:11) Circuit (default)
[STEP] (Dec.18 18:32:11) Circuit S1nonbarrel_neurons
[INFO] (Dec.18 18:32:11) Finalizing cells... Gid offset: 0
[INFO] (Dec.18 18:32:11)  > Instantiating cells... (1 in Rank 0)
[INFO] (Dec.18 18:32:12)  > Updating targets
[INFO] (Dec.18 18:32:12)  > Initializing cell network
[INFO] (Dec.18 18:32:12) Memusage (RSS) per node [MB]: Max=3260.25, Min=3260.25, Mean(Stdev)=3260.25(0.00)
[INFO] (Dec.18 18:32:12) Memusage (RSS) per task [MB]: Max=113.55, Min=89.88, Mean(Stdev)=90.56(3.89)
[STEP] (Dec.18 18:32:12) LOADING CIRCUIT CONNECTIVITY
[STEP] (Dec.18 18:32:12) Circuit (default)
[INFO] (Dec.18 18:32:12)  => No connectivity set as internal. See projections
[STEP] (Dec.18 18:32:12) Circuit S1nonbarrel_neurons
[INFO] (Dec.18 18:32:12)  => No connectivity set as internal. See projections
[STEP] (Dec.18 18:32:12) Handling projections...
[STEP] (Dec.18 18:32:12) Configuring connections...
[INFO] (Dec.18 18:32:12) Done, but waiting for all ranks
[INFO] (Dec.18 18:32:12) Memusage (RSS) per node [MB]: Max=3260.25, Min=3260.25, Mean(Stdev)=3260.25(0.00)
[INFO] (Dec.18 18:32:12) Memusage (RSS) per task [MB]: Max=113.55, Min=89.88, Mean(Stdev)=90.56(3.89)
[STEP] (Dec.18 18:32:12) ================ INSTANTIATING SIMULATION ================
[STEP] (Dec.18 18:32:12) Handling Replay
[INFO] (Dec.18 18:32:12) Memusage (RSS) per node [MB]: Max=3260.25, Min=3260.25, Mean(Stdev)=3260.25(0.00)
[INFO] (Dec.18 18:32:12) Memusage (RSS) per task [MB]: Max=113.55, Min=89.88, Mean(Stdev)=90.56(3.89)
[STEP] (Dec.18 18:32:12) Creating connections in the simulator
[INFO] (Dec.18 18:32:12) Memusage (RSS) per node [MB]: Max=3260.25, Min=3260.25, Mean(Stdev)=3260.25(0.00)
[INFO] (Dec.18 18:32:12) Memusage (RSS) per task [MB]: Max=113.55, Min=89.88, Mean(Stdev)=90.56(3.89)
[STEP] (Dec.18 18:32:12) Stimulus Apply.
[INFO] (Dec.18 18:32:12) Instantiating Stimulus Injects:
[INFO] (Dec.18 18:32:12)  * [STIM] injectStimulus: Stimulus (RelativeOrnsteinUhlenbeck) -> Cell
[INFO] (Dec.18 18:32:12) Memusage (RSS) per node [MB]: Max=3260.77, Min=3260.77, Mean(Stdev)=3260.77(0.00)
[INFO] (Dec.18 18:32:12) Memusage (RSS) per task [MB]: Max=114.07, Min=89.88, Mean(Stdev)=90.58(3.97)
[STEP] (Dec.18 18:32:12) Enabling modifications...
[STEP] (Dec.18 18:32:12) Reports Enabling
[INFO] (Dec.18 18:32:12)  * lfp_report (Type: lfp, Target: Cell, Dt: 0.100000)
[INFO] (Dec.18 18:32:12) Adding report lfp_report.h5 for CoreNEURON with 1 gids
[INFO] (Dec.18 18:32:12) Memusage (RSS) per node [MB]: Max=3262.88, Min=3262.88, Mean(Stdev)=3262.88(0.00)
[INFO] (Dec.18 18:32:12) Memusage (RSS) per task [MB]: Max=114.25, Min=89.91, Mean(Stdev)=90.64(3.99)
[INFO] (Dec.18 18:32:12) Preparing to run simulation...
[INFO] (Dec.18 18:32:12) Executing actions after stdinit...
[STEP] (Dec.18 18:32:12) Dataset generation for CoreNEURON
[INFO] (Dec.18 18:32:12) SHM file transfer mode for CoreNEURON enabled
[INFO] (Dec.18 18:32:12) Writing sim config file: /gpfs/bbp.cscs.ch/project/proj83/tharayil/generationCode/create_lfp_weights_for_neurodamus/SONATA/examples/EEG/simulation/reporting/sim.conf
[INFO] (Dec.18 18:32:12)  => Dataset written to '/dev/shm/sim-hpc/1950181/gpfs/bbp.cscs.ch/project/proj83/tharayil/generationCode/create_lfp_weights_for_neurodamus/SONATA/examples/EEG/simulation/reporting/coreneuron_input'
[STEP] (Dec.18 18:32:12) ======================= SIMULATION =======================
[INFO] (Dec.18 18:32:12) Memusage (RSS) per node [MB]: Max=3270.25, Min=3270.25, Mean(Stdev)=3270.25(0.00)
[INFO] (Dec.18 18:32:12) Memusage (RSS) per task [MB]: Max=114.68, Min=90.14, Mean(Stdev)=90.85(4.03)
[INFO] (Dec.18 18:32:12) Clearing model
[INFO] (Dec.18 18:32:12) malloc_trim: memory released back to the system.
[INFO] (Dec.18 18:32:12) Memusage (RSS) per node [MB]: Max=2779.99, Min=2779.99, Mean(Stdev)=2779.99(0.00)
[INFO] (Dec.18 18:32:12) Memusage (RSS) per task [MB]: Max=88.40, Min=76.88, Mean(Stdev)=77.23(1.89)
[INFO] (Dec.18 18:32:12) Launching simulation with CoreNEURON
[INFO] (Dec.18 18:33:16) Creating .SUCCESS file: 'simulation_config.json.SUCCESS'
[INFO] (Dec.18 18:33:16) Memusage (RSS) per node [MB]: Max=2869.34, Min=2869.34, Mean(Stdev)=2869.34(0.00)
[INFO] (Dec.18 18:33:16) Memusage (RSS) per task [MB]: Max=96.48, Min=79.20, Mean(Stdev)=79.70(2.84)
[INFO] (Dec.18 18:33:16) Deleting intermediate data in /gpfs/bbp.cscs.ch/project/proj83/tharayil/generationCode/create_lfp_weights_for_neurodamus/SONATA/examples/EEG/simulation/reporting/coreneuron_input
[INFO] (Dec.18 18:33:16) Deleting intermediate SHM data in /dev/shm/sim-hpc/1950181/gpfs/bbp.cscs.ch/project/proj83/tharayil/generationCode/create_lfp_weights_for_neurodamus/SONATA/examples/EEG/simulation/reporting/coreneuron_input
[INFO] (Dec.18 18:33:16) Finished
[INFO] (Dec.18 18:33:16) +================================================ TIMEIT STATS =================================================+
[INFO] (Dec.18 18:33:16) |                       Event Label                        | Avg.Time | Min.Time | Max.Time | Hits R0 / Total   |
[INFO] (Dec.18 18:33:16) +---------------------------------------------------------------------------------------------------------------+
[INFO] (Dec.18 18:33:16) | Compute LB                                               |     0.01 |     0.00 |     0.01 |       1 / 36      |
[INFO] (Dec.18 18:33:16) | Cell creation                                            |     1.67 |     1.67 |     1.67 |       1 / 36      |
[INFO] (Dec.18 18:33:16) | Synapse creation                                         |     0.00 |     0.00 |     0.00 |       1 / 36      |
[INFO] (Dec.18 18:33:16) | Enable Stimulus                                          |     0.00 |     0.00 |     0.03 |       1 / 36      |
[INFO] (Dec.18 18:33:16) | Enable Modifications                                     |     0.00 |     0.00 |     0.00 |       1 / 36      |
[INFO] (Dec.18 18:33:16) | Enable Reports                                           |     0.00 |     0.00 |     0.00 |       1 / 36      |
[INFO] (Dec.18 18:33:16) | Model Finalized                                          |     0.01 |     0.01 |     0.01 |       1 / 36      |
[INFO] (Dec.18 18:33:16) |  ╚ stdinit                                               |     0.01 |     0.01 |     0.01 |       1 / 36      |
[INFO] (Dec.18 18:33:16) | corewrite                                                |     0.11 |     0.11 |     0.11 |       1 / 36      |
[INFO] (Dec.18 18:33:16) | finished Run                                             |    63.83 |    63.83 |    63.83 |       1 / 36      |
[INFO] (Dec.18 18:33:16) | Delete corenrn data                                      |     0.04 |     0.02 |     0.06 |       1 / 36      |
[INFO] (Dec.18 18:33:16) +---------------------------------------------------------------------------------------------------------------+
