[STEP] (Dec.22 15:04:13) Initializing Neurodamus... Logfile: pydamus_2023-12-22_15h03.log
[INFO] (Dec.22 15:04:14)  => Neurodamus Mod & Hoc lib loaded.
[INFO] (Dec.22 15:04:14) Checking for plugins...
[INFO] (Dec.22 15:04:15)  => Engines Available: ['Base', 'NGV', 'METype']
[INFO] (Dec.22 15:04:15)   : Connections Types: ['NeuroGlial', 'GlioVascular', None, 'Synaptic', 'GapJunction', 'NeuroModulation']
[STEP] (Dec.22 15:04:15) Setting up Neurodamus configuration
[INFO] (Dec.22 15:04:15) Initializing Simulation Configuration and Validation
[INFO] (Dec.22 15:04:15) Valid CoreNeuron input data not found in '/dev/shm/sim-hpc/1957148/gpfs/bbp.cscs.ch/project/proj83/tharayil/generationCode/create_lfp_weights_for_neurodamus/SONATA/examples/EEG/simulation/reporting/coreneuron_input'. Neurodamus will proceed to model building.
[INFO] (Dec.22 15:04:15) Checking simulation requirements
[INFO] (Dec.22 15:04:15) Initializing hoc config objects
[INFO] (Dec.22 15:04:19) User-defined RNG base seed 851.0
[WARNING] (Dec.22 15:04:19) Some node set rules were replaced from /gpfs/bbp.cscs.ch/project/proj83/tharayil/generationCode/create_lfp_weights_for_neurodamus/SONATA/examples/data/simulation/configuration/node_sets.json
[INFO] (Dec.22 15:04:19) Memusage (RSS) per node [MB]: Max=3559.15, Min=3559.15, Mean(Stdev)=3559.15(0.00)
[INFO] (Dec.22 15:04:19) Memusage (RSS) per task [MB]: Max=99.21, Min=98.95, Mean(Stdev)=98.97(0.04)
[INFO] (Dec.22 15:04:19) Checking Connection Configurations
[INFO] (Dec.22 15:04:19)  => CHECK No Global vars!
[INFO] (Dec.22 15:04:19)  => CHECK No Block Overrides!
[INFO] (Dec.22 15:04:19)  => CHECK No single Weight=0 blocks!
[STEP] (Dec.22 15:04:19) ================ CALCULATING LOAD BALANCE ================
[STEP] (Dec.22 15:04:19) Computing Load Balance
[INFO] (Dec.22 15:04:19) Activating experimental LB for Sonata circuit 'S1nonbarrel_neurons'
[WARNING] (Dec.22 15:04:19) Load Balance AUTO-SELECTED: RoundRobin. Reason: 
[INFO] (Dec.22 15:04:19) Memusage (RSS) per node [MB]: Max=3646.49, Min=3646.49, Mean(Stdev)=3646.49(0.00)
[INFO] (Dec.22 15:04:19) Memusage (RSS) per task [MB]: Max=101.53, Min=101.27, Mean(Stdev)=101.29(0.04)
[STEP] (Dec.22 15:04:19) ==================== BUILDING CIRCUIT ====================
[STEP] (Dec.22 15:04:19) LOADING NODES
[INFO] (Dec.22 15:04:19) Load-balance object not present. Continuing Round-Robin...
[INFO] (Dec.22 15:04:19)  => (default) Circuit has been disabled
[STEP] (Dec.22 15:04:19) Circuit S1nonbarrel_neurons
[INFO] (Dec.22 15:04:19) Reading Nodes (METype) info from '/gpfs/bbp.cscs.ch/project/proj83/tharayil/generationCode/create_lfp_weights_for_neurodamus/SONATA/examples/data/simulation/configuration/networks/nodes/S1nonbarrel_neurons/nodes.h5'
[INFO] (Dec.22 15:04:19)  -> Distributing 'S1nonbarrel_neurons:Cell' target cells Round-Robin
[INFO] (Dec.22 15:04:19)  => Loaded info about 1 target cells (out of 1)
[INFO] (Dec.22 15:04:19) Reading LFP configuration info from '/gpfs/bbp.cscs.ch/project/proj83/tharayil/generationCode/create_lfp_weights_for_neurodamus/SONATA/examples/EEG/electrodeFile/coeffs.h5'
[STEP] (Dec.22 15:04:20) FINALIZING CIRCUIT CELLS
[STEP] (Dec.22 15:04:20) Circuit (default)
[STEP] (Dec.22 15:04:20) Circuit S1nonbarrel_neurons
[INFO] (Dec.22 15:04:20) Finalizing cells... Gid offset: 0
[INFO] (Dec.22 15:04:20)  > Instantiating cells... (1 in Rank 0)
[INFO] (Dec.22 15:04:21)  > Updating targets
[INFO] (Dec.22 15:04:21)  > Initializing cell network
[INFO] (Dec.22 15:04:21) Memusage (RSS) per node [MB]: Max=3954.90, Min=3954.90, Mean(Stdev)=3954.90(0.00)
[INFO] (Dec.22 15:04:21) Memusage (RSS) per task [MB]: Max=136.21, Min=109.09, Mean(Stdev)=109.86(4.45)
[STEP] (Dec.22 15:04:21) LOADING CIRCUIT CONNECTIVITY
[STEP] (Dec.22 15:04:21) Circuit (default)
[INFO] (Dec.22 15:04:21)  => No connectivity set as internal. See projections
[STEP] (Dec.22 15:04:21) Circuit S1nonbarrel_neurons
[INFO] (Dec.22 15:04:21)  => No connectivity set as internal. See projections
[STEP] (Dec.22 15:04:21) Handling projections...
[STEP] (Dec.22 15:04:21) Configuring connections...
[INFO] (Dec.22 15:04:21) Done, but waiting for all ranks
[INFO] (Dec.22 15:04:21) Memusage (RSS) per node [MB]: Max=3954.95, Min=3954.95, Mean(Stdev)=3954.95(0.00)
[INFO] (Dec.22 15:04:21) Memusage (RSS) per task [MB]: Max=136.21, Min=109.09, Mean(Stdev)=109.86(4.45)
[STEP] (Dec.22 15:04:21) ================ INSTANTIATING SIMULATION ================
[STEP] (Dec.22 15:04:21) Handling Replay
[INFO] (Dec.22 15:04:21) Memusage (RSS) per node [MB]: Max=3954.95, Min=3954.95, Mean(Stdev)=3954.95(0.00)
[INFO] (Dec.22 15:04:21) Memusage (RSS) per task [MB]: Max=136.21, Min=109.09, Mean(Stdev)=109.86(4.45)
[STEP] (Dec.22 15:04:21) Creating connections in the simulator
[INFO] (Dec.22 15:04:21) Memusage (RSS) per node [MB]: Max=3955.23, Min=3955.23, Mean(Stdev)=3955.23(0.00)
[INFO] (Dec.22 15:04:21) Memusage (RSS) per task [MB]: Max=136.21, Min=109.09, Mean(Stdev)=109.87(4.45)
[STEP] (Dec.22 15:04:21) Stimulus Apply.
[INFO] (Dec.22 15:04:21) Instantiating Stimulus Injects:
[INFO] (Dec.22 15:04:21)  * [STIM] injectStimulus: Stimulus (RelativeOrnsteinUhlenbeck) -> Cell
[INFO] (Dec.22 15:04:21) Memusage (RSS) per node [MB]: Max=3955.87, Min=3955.87, Mean(Stdev)=3955.87(0.00)
[INFO] (Dec.22 15:04:21) Memusage (RSS) per task [MB]: Max=136.48, Min=109.11, Mean(Stdev)=109.89(4.50)
[STEP] (Dec.22 15:04:21) Enabling modifications...
[STEP] (Dec.22 15:04:21) Reports Enabling
[INFO] (Dec.22 15:04:25)  * lfp_report (Type: lfp, Target: Cell, Dt: 0.100000)
[INFO] (Dec.22 15:04:25) Adding report lfp_report.h5 for CoreNEURON with 1 gids
[INFO] (Dec.22 15:04:25) Memusage (RSS) per node [MB]: Max=3955.95, Min=3955.95, Mean(Stdev)=3955.95(0.00)
[INFO] (Dec.22 15:04:25) Memusage (RSS) per task [MB]: Max=136.56, Min=109.11, Mean(Stdev)=109.89(4.51)
[INFO] (Dec.22 15:04:25) Preparing to run simulation...
[INFO] (Dec.22 15:04:25) Executing actions after stdinit...
[STEP] (Dec.22 15:04:25) Dataset generation for CoreNEURON
[INFO] (Dec.22 15:04:25) SHM file transfer mode for CoreNEURON enabled
[INFO] (Dec.22 15:04:33) Writing sim config file: /gpfs/bbp.cscs.ch/project/proj83/tharayil/generationCode/create_lfp_weights_for_neurodamus/SONATA/examples/EEG/simulation/reporting/sim.conf
[INFO] (Dec.22 15:04:36)  => Dataset written to '/dev/shm/sim-hpc/1957148/gpfs/bbp.cscs.ch/project/proj83/tharayil/generationCode/create_lfp_weights_for_neurodamus/SONATA/examples/EEG/simulation/reporting/coreneuron_input'
[STEP] (Dec.22 15:04:36) ======================= SIMULATION =======================
[INFO] (Dec.22 15:04:36) Memusage (RSS) per node [MB]: Max=3962.50, Min=3962.50, Mean(Stdev)=3962.50(0.00)
[INFO] (Dec.22 15:04:36) Memusage (RSS) per task [MB]: Max=137.03, Min=109.28, Mean(Stdev)=110.07(4.56)
[INFO] (Dec.22 15:04:36) Clearing model
[INFO] (Dec.22 15:04:36) malloc_trim: memory released back to the system.
[INFO] (Dec.22 15:04:36) Memusage (RSS) per node [MB]: Max=3487.90, Min=3487.90, Mean(Stdev)=3487.90(0.00)
[INFO] (Dec.22 15:04:36) Memusage (RSS) per task [MB]: Max=107.30, Min=96.58, Mean(Stdev)=96.90(1.76)
[INFO] (Dec.22 15:04:36) Launching simulation with CoreNEURON
[INFO] (Dec.22 15:05:47) Creating .SUCCESS file: 'simulation_config.json.SUCCESS'
[INFO] (Dec.22 15:05:47) Memusage (RSS) per node [MB]: Max=3588.70, Min=3588.70, Mean(Stdev)=3588.70(0.00)
[INFO] (Dec.22 15:05:47) Memusage (RSS) per task [MB]: Max=117.34, Min=99.07, Mean(Stdev)=99.69(2.98)
[INFO] (Dec.22 15:05:47) Deleting intermediate data in /gpfs/bbp.cscs.ch/project/proj83/tharayil/generationCode/create_lfp_weights_for_neurodamus/SONATA/examples/EEG/simulation/reporting/coreneuron_input
[INFO] (Dec.22 15:05:48) Deleting intermediate SHM data in /dev/shm/sim-hpc/1957148/gpfs/bbp.cscs.ch/project/proj83/tharayil/generationCode/create_lfp_weights_for_neurodamus/SONATA/examples/EEG/simulation/reporting/coreneuron_input
[INFO] (Dec.22 15:05:48) Finished
[INFO] (Dec.22 15:05:48) +================================================ TIMEIT STATS =================================================+
[INFO] (Dec.22 15:05:48) |                       Event Label                        | Avg.Time | Min.Time | Max.Time | Hits R0 / Total   |
[INFO] (Dec.22 15:05:48) +---------------------------------------------------------------------------------------------------------------+
[INFO] (Dec.22 15:05:48) | Compute LB                                               |     0.05 |     0.04 |     0.05 |       1 / 36      |
[INFO] (Dec.22 15:05:48) | Cell creation                                            |     1.85 |     1.85 |     1.85 |       1 / 36      |
[INFO] (Dec.22 15:05:48) | Synapse creation                                         |     0.00 |     0.00 |     0.00 |       1 / 36      |
[INFO] (Dec.22 15:05:48) | Enable Stimulus                                          |     0.00 |     0.00 |     0.01 |       1 / 36      |
[INFO] (Dec.22 15:05:48) | Enable Modifications                                     |     0.00 |     0.00 |     0.00 |       1 / 36      |
[INFO] (Dec.22 15:05:48) | Enable Reports                                           |     4.14 |     4.14 |     4.14 |       1 / 36      |
[INFO] (Dec.22 15:05:48) | Model Finalized                                          |     0.01 |     0.01 |     0.01 |       1 / 36      |
[INFO] (Dec.22 15:05:48) |  ╚ stdinit                                               |     0.01 |     0.01 |     0.01 |       1 / 36      |
[INFO] (Dec.22 15:05:48) | corewrite                                                |    10.69 |    10.69 |    10.69 |       1 / 36      |
[INFO] (Dec.22 15:05:48) | finished Run                                             |    68.66 |    68.58 |    71.60 |       1 / 36      |
[INFO] (Dec.22 15:05:48) | Delete corenrn data                                      |     0.05 |     0.02 |     0.08 |       1 / 36      |
[INFO] (Dec.22 15:05:48) +---------------------------------------------------------------------------------------------------------------+
