[STEP] (Dec.15 16:52:03) Initializing Neurodamus... Logfile: pydamus_2023-12-15_16h51.log
[INFO] (Dec.15 16:52:03)  => Neurodamus Mod & Hoc lib loaded.
[INFO] (Dec.15 16:52:03) Checking for plugins...
[INFO] (Dec.15 16:52:04)  => Engines Available: ['Base', 'NGV', 'METype']
[INFO] (Dec.15 16:52:04)   : Connections Types: ['NeuroGlial', 'GlioVascular', None, 'Synaptic', 'GapJunction', 'NeuroModulation']
[STEP] (Dec.15 16:52:04) Setting up Neurodamus configuration
[INFO] (Dec.15 16:52:04) Initializing Simulation Configuration and Validation
[INFO] (Dec.15 16:52:04) Valid CoreNeuron input data not found in '/dev/shm/sim-hpc/1947982/gpfs/bbp.cscs.ch/project/proj83/tharayil/generationCode/create_lfp_weights_for_neurodamus/SONATA/examples/data/reporting/coreneuron_input'. Neurodamus will proceed to model building.
[INFO] (Dec.15 16:52:04) Checking simulation requirements
[INFO] (Dec.15 16:52:04) Initializing hoc config objects
[INFO] (Dec.15 16:52:04) User-defined RNG base seed 628462.0
[WARNING] (Dec.15 16:52:04) Some node set rules were replaced from /gpfs/bbp.cscs.ch/project/proj83/tharayil/generationCode/create_lfp_weights_for_neurodamus/SONATA/examples/data/configuration/node_sets.json
[INFO] (Dec.15 16:52:04) Memusage (RSS) per node [MB]: Max=3537.71, Min=3537.71, Mean(Stdev)=3537.71(0.00)
[INFO] (Dec.15 16:52:04) Memusage (RSS) per task [MB]: Max=99.00, Min=98.35, Mean(Stdev)=98.38(0.10)
[INFO] (Dec.15 16:52:04) Checking Connection Configurations
[INFO] (Dec.15 16:52:04)  => CHECK No Global vars!
[INFO] (Dec.15 16:52:04)  => CHECK No Block Overrides!
[INFO] (Dec.15 16:52:04)  => CHECK No single Weight=0 blocks!
[STEP] (Dec.15 16:52:04) ================ CALCULATING LOAD BALANCE ================
[STEP] (Dec.15 16:52:04) Computing Load Balance
[INFO] (Dec.15 16:52:04) Activating experimental LB for Sonata circuit 'S1nonbarrel_neurons'
[WARNING] (Dec.15 16:52:04) Load Balance AUTO-SELECTED: RoundRobin. Reason: 
[INFO] (Dec.15 16:52:04) Memusage (RSS) per node [MB]: Max=3625.46, Min=3625.46, Mean(Stdev)=3625.46(0.00)
[INFO] (Dec.15 16:52:04) Memusage (RSS) per task [MB]: Max=101.34, Min=100.68, Mean(Stdev)=100.71(0.11)
[STEP] (Dec.15 16:52:04) ==================== BUILDING CIRCUIT ====================
[STEP] (Dec.15 16:52:04) LOADING NODES
[INFO] (Dec.15 16:52:04) Load-balance object not present. Continuing Round-Robin...
[INFO] (Dec.15 16:52:04)  => (default) Circuit has been disabled
[STEP] (Dec.15 16:52:04) Circuit S1nonbarrel_neurons
[INFO] (Dec.15 16:52:04) Reading Nodes (METype) info from '/gpfs/bbp.cscs.ch/project/proj83/tharayil/generationCode/create_lfp_weights_for_neurodamus/SONATA/examples/data/configuration/networks/nodes/S1nonbarrel_neurons/nodes.h5'
[INFO] (Dec.15 16:52:04)  -> Distributing 'S1nonbarrel_neurons:Cell' target cells Round-Robin
[INFO] (Dec.15 16:52:05)  => Loaded info about 1 target cells (out of 1)
[STEP] (Dec.15 16:52:05) FINALIZING CIRCUIT CELLS
[STEP] (Dec.15 16:52:05) Circuit (default)
[STEP] (Dec.15 16:52:05) Circuit S1nonbarrel_neurons
[INFO] (Dec.15 16:52:05) Finalizing cells... Gid offset: 0
[INFO] (Dec.15 16:52:05)  > Instantiating cells... (1 in Rank 0)
[INFO] (Dec.15 16:52:06)  > Updating targets
[INFO] (Dec.15 16:52:06)  > Initializing cell network
[INFO] (Dec.15 16:52:06) Memusage (RSS) per node [MB]: Max=3657.31, Min=3657.31, Mean(Stdev)=3657.31(0.00)
[INFO] (Dec.15 16:52:06) Memusage (RSS) per task [MB]: Max=129.62, Min=100.76, Mean(Stdev)=101.59(4.74)
[STEP] (Dec.15 16:52:06) LOADING CIRCUIT CONNECTIVITY
[STEP] (Dec.15 16:52:06) Circuit (default)
[INFO] (Dec.15 16:52:06)  => No connectivity set as internal. See projections
[STEP] (Dec.15 16:52:06) Circuit S1nonbarrel_neurons
[INFO] (Dec.15 16:52:06)  => No connectivity set as internal. See projections
[STEP] (Dec.15 16:52:06) Handling projections...
[STEP] (Dec.15 16:52:06) Configuring connections...
[INFO] (Dec.15 16:52:06) Done, but waiting for all ranks
[INFO] (Dec.15 16:52:06) Memusage (RSS) per node [MB]: Max=3657.41, Min=3657.41, Mean(Stdev)=3657.41(0.00)
[INFO] (Dec.15 16:52:06) Memusage (RSS) per task [MB]: Max=129.62, Min=100.76, Mean(Stdev)=101.59(4.74)
[STEP] (Dec.15 16:52:06) ================ INSTANTIATING SIMULATION ================
[STEP] (Dec.15 16:52:06) Handling Replay
[INFO] (Dec.15 16:52:06) Memusage (RSS) per node [MB]: Max=3657.45, Min=3657.45, Mean(Stdev)=3657.45(0.00)
[INFO] (Dec.15 16:52:06) Memusage (RSS) per task [MB]: Max=129.62, Min=100.76, Mean(Stdev)=101.60(4.74)
[STEP] (Dec.15 16:52:06) Creating connections in the simulator
[INFO] (Dec.15 16:52:06) Memusage (RSS) per node [MB]: Max=3657.47, Min=3657.47, Mean(Stdev)=3657.47(0.00)
[INFO] (Dec.15 16:52:06) Memusage (RSS) per task [MB]: Max=129.62, Min=100.76, Mean(Stdev)=101.60(4.74)
[STEP] (Dec.15 16:52:06) Stimulus Apply.
[INFO] (Dec.15 16:52:06) Instantiating Stimulus Injects:
[INFO] (Dec.15 16:52:06) Memusage (RSS) per node [MB]: Max=3657.50, Min=3657.50, Mean(Stdev)=3657.50(0.00)
[INFO] (Dec.15 16:52:06) Memusage (RSS) per task [MB]: Max=129.62, Min=100.78, Mean(Stdev)=101.60(4.74)
[STEP] (Dec.15 16:52:06) Enabling modifications...
[STEP] (Dec.15 16:52:06) Reports Enabling
[INFO] (Dec.15 16:52:06)  * compartment (Type: compartment, Target: Cell, Dt: 0.100000)
[INFO] (Dec.15 16:52:06) Adding report voltage.h5 for CoreNEURON with 1 gids
[INFO] (Dec.15 16:52:06) Memusage (RSS) per node [MB]: Max=3658.20, Min=3658.20, Mean(Stdev)=3658.20(0.00)
[INFO] (Dec.15 16:52:06) Memusage (RSS) per task [MB]: Max=129.68, Min=100.79, Mean(Stdev)=101.62(4.74)
[INFO] (Dec.15 16:52:06) Preparing to run simulation...
[INFO] (Dec.15 16:52:06) Executing actions after stdinit...
[STEP] (Dec.15 16:52:06) Dataset generation for CoreNEURON
[INFO] (Dec.15 16:52:06) SHM file transfer mode for CoreNEURON enabled
[INFO] (Dec.15 16:52:06) Writing sim config file: /gpfs/bbp.cscs.ch/project/proj83/tharayil/generationCode/create_lfp_weights_for_neurodamus/SONATA/examples/data/reporting/sim.conf
[INFO] (Dec.15 16:52:06)  => Dataset written to '/dev/shm/sim-hpc/1947982/gpfs/bbp.cscs.ch/project/proj83/tharayil/generationCode/create_lfp_weights_for_neurodamus/SONATA/examples/data/reporting/coreneuron_input'
[STEP] (Dec.15 16:52:06) ======================= SIMULATION =======================
[INFO] (Dec.15 16:52:06) Memusage (RSS) per node [MB]: Max=3665.38, Min=3665.38, Mean(Stdev)=3665.38(0.00)
[INFO] (Dec.15 16:52:06) Memusage (RSS) per task [MB]: Max=129.89, Min=101.00, Mean(Stdev)=101.82(4.75)
[INFO] (Dec.15 16:52:06) Clearing model
[INFO] (Dec.15 16:52:06) malloc_trim: memory released back to the system.
[INFO] (Dec.15 16:52:06) Memusage (RSS) per node [MB]: Max=3330.48, Min=3330.48, Mean(Stdev)=3330.48(0.00)
[INFO] (Dec.15 16:52:06) Memusage (RSS) per task [MB]: Max=102.25, Min=92.23, Mean(Stdev)=92.52(1.64)
[INFO] (Dec.15 16:52:06) Launching simulation with CoreNEURON
[INFO] (Dec.15 16:52:06) Creating .SUCCESS file: 'simulation_config.json.SUCCESS'
[INFO] (Dec.15 16:52:06) Memusage (RSS) per node [MB]: Max=3422.90, Min=3422.90, Mean(Stdev)=3422.90(0.00)
[INFO] (Dec.15 16:52:06) Memusage (RSS) per task [MB]: Max=109.75, Min=94.64, Mean(Stdev)=95.08(2.48)
[INFO] (Dec.15 16:52:06) Deleting intermediate data in /gpfs/bbp.cscs.ch/project/proj83/tharayil/generationCode/create_lfp_weights_for_neurodamus/SONATA/examples/data/reporting/coreneuron_input
[INFO] (Dec.15 16:52:06) Deleting intermediate SHM data in /dev/shm/sim-hpc/1947982/gpfs/bbp.cscs.ch/project/proj83/tharayil/generationCode/create_lfp_weights_for_neurodamus/SONATA/examples/data/reporting/coreneuron_input
[INFO] (Dec.15 16:52:06) Finished
[INFO] (Dec.15 16:52:06) +================================================ TIMEIT STATS =================================================+
[INFO] (Dec.15 16:52:06) |                       Event Label                        | Avg.Time | Min.Time | Max.Time | Hits R0 / Total   |
[INFO] (Dec.15 16:52:06) +---------------------------------------------------------------------------------------------------------------+
[INFO] (Dec.15 16:52:06) | Compute LB                                               |     0.04 |     0.04 |     0.05 |       1 / 36      |
[INFO] (Dec.15 16:52:06) | Cell creation                                            |     1.22 |     1.21 |     1.22 |       1 / 36      |
[INFO] (Dec.15 16:52:06) | Synapse creation                                         |     0.00 |     0.00 |     0.00 |       1 / 36      |
[INFO] (Dec.15 16:52:06) | Enable Stimulus                                          |     0.00 |     0.00 |     0.00 |       1 / 36      |
[INFO] (Dec.15 16:52:06) | Enable Modifications                                     |     0.00 |     0.00 |     0.00 |       1 / 36      |
[INFO] (Dec.15 16:52:06) | Enable Reports                                           |     0.00 |     0.00 |     0.00 |       1 / 36      |
[INFO] (Dec.15 16:52:06) | Model Finalized                                          |     0.00 |     0.00 |     0.00 |       1 / 36      |
[INFO] (Dec.15 16:52:06) |  ╚ stdinit                                               |     0.00 |     0.00 |     0.00 |       1 / 36      |
[INFO] (Dec.15 16:52:06) | corewrite                                                |     0.08 |     0.08 |     0.08 |       1 / 36      |
[INFO] (Dec.15 16:52:06) | finished Run                                             |     0.22 |     0.22 |     0.22 |       1 / 36      |
[INFO] (Dec.15 16:52:06) | Delete corenrn data                                      |     0.04 |     0.02 |     0.07 |       1 / 36      |
[INFO] (Dec.15 16:52:06) +---------------------------------------------------------------------------------------------------------------+
